{
  connectionGeneration: 0,
  level: 'error',
  service: 'user-service',
  label: 'Um',
  timestamp: '2023-07-30T06:22:42.207Z',
  [Symbol(errorLabels)]: Set(0) {}
}
{
  message: 'Server selection timed out after 30000 ms',
  reason: TopologyDescription {
    type: 'ReplicaSetNoPrimary',
    servers: Map(3) {
      'ac-2ezqxzc-shard-00-00.w7rmmpa.mongodb.net:27017' => ServerDescription {
        address: 'ac-2ezqxzc-shard-00-00.w7rmmpa.mongodb.net:27017',
        type: 'RSSecondary',
        hosts: [
          'ac-2ezqxzc-shard-00-00.w7rmmpa.mongodb.net:27017',
          'ac-2ezqxzc-shard-00-01.w7rmmpa.mongodb.net:27017',
          'ac-2ezqxzc-shard-00-02.w7rmmpa.mongodb.net:27017'
        ],
        passives: [],
        arbiters: [],
        tags: {
          region: 'US_EAST_1',
          provider: 'AWS',
          workloadType: 'OPERATIONAL',
          nodeType: 'ELECTABLE'
        },
        minWireVersion: 0,
        maxWireVersion: 17,
        roundTripTime: 1361.92,
        lastUpdateTime: 191168428,
        lastWriteDate: 2023-07-30T06:29:06.000Z,
        error: null,
        topologyVersion: {
          processId: new ObjectId("64c53f58fb46a67ae8a9bbee"),
          counter: 4
        },
        setName: 'atlas-a6mg96-shard-0',
        setVersion: 7,
        electionId: null,
        logicalSessionTimeoutMinutes: 30,
        primary: 'ac-2ezqxzc-shard-00-02.w7rmmpa.mongodb.net:27017',
        me: 'ac-2ezqxzc-shard-00-00.w7rmmpa.mongodb.net:27017',
        '$clusterTime': {
          clusterTime: new Timestamp({ t: 1690698546, i: 9 }),
          signature: {
            hash: Binary.createFromBase64("3vX7grn75a9X3f11VXeEPsYXPes=", 0),
            keyId: new Long("7224941152938491906")
          }
        }
      },
      'ac-2ezqxzc-shard-00-02.w7rmmpa.mongodb.net:27017' => ServerDescription {
        address: 'ac-2ezqxzc-shard-00-02.w7rmmpa.mongodb.net:27017',
        type: 'Unknown',
        hosts: [],
        passives: [],
        arbiters: [],
        tags: {},
        minWireVersion: 0,
        maxWireVersion: 0,
        roundTripTime: -1,
        lastUpdateTime: 191145649,
        lastWriteDate: 0,
        error: null,
        topologyVersion: null,
        setName: null,
        setVersion: null,
        electionId: null,
        logicalSessionTimeoutMinutes: null,
        primary: null,
        me: null,
        '$clusterTime': null
      },
      'ac-2ezqxzc-shard-00-01.w7rmmpa.mongodb.net:27017' => ServerDescription {
        address: 'ac-2ezqxzc-shard-00-01.w7rmmpa.mongodb.net:27017',
        type: 'RSSecondary',
        hosts: [
          'ac-2ezqxzc-shard-00-00.w7rmmpa.mongodb.net:27017',
          'ac-2ezqxzc-shard-00-01.w7rmmpa.mongodb.net:27017',
          'ac-2ezqxzc-shard-00-02.w7rmmpa.mongodb.net:27017'
        ],
        passives: [],
        arbiters: [],
        tags: {
          workloadType: 'OPERATIONAL',
          provider: 'AWS',
          nodeType: 'ELECTABLE',
          region: 'US_EAST_1'
        },
        minWireVersion: 0,
        maxWireVersion: 17,
        roundTripTime: 1254.4,
        lastUpdateTime: 191169125,
        lastWriteDate: 2023-07-30T06:29:07.000Z,
        error: null,
        topologyVersion: {
          processId: new ObjectId("64c5416b45026ff29e08d9fa"),
          counter: 3
        },
        setName: 'atlas-a6mg96-shard-0',
        setVersion: 7,
        electionId: null,
        logicalSessionTimeoutMinutes: 30,
        primary: 'ac-2ezqxzc-shard-00-02.w7rmmpa.mongodb.net:27017',
        me: 'ac-2ezqxzc-shard-00-01.w7rmmpa.mongodb.net:27017',
        '$clusterTime': {
          clusterTime: new Timestamp({ t: 1690698547, i: 2 }),
          signature: {
            hash: Binary.createFromBase64("K3+bUvdrDszJygGecvi2nXLWq3w=", 0),
            keyId: new Long("7224941152938491906")
          }
        }
      }
    },
    stale: false,
    compatible: true,
    heartbeatFrequencyMS: 10000,
    localThresholdMS: 15,
    setName: 'atlas-a6mg96-shard-0',
    maxElectionId: null,
    maxSetVersion: null,
    commonWireVersion: 0,
    logicalSessionTimeoutMinutes: 30
  },
  code: undefined,
  level: 'error',
  service: 'user-service',
  label: 'Um',
  timestamp: '2023-07-30T06:29:14.536Z'
}
